*** SYNTAX ERROR
*** [LOC DISABLED --- run hop -g to get location]
*** Missing children (min:1 given:0).
*** SYNTAX ERROR
*** [LOC DISABLED --- run hop -g to get location]
*** Missing statements in Let.
*** SYNTAX ERROR
*** [LOC DISABLED --- run hop -g to get location]
*** Unexpected attribute: `sig`
*** SYNTAX ERROR
*** [LOC DISABLED --- run hop -g to get location]
*** Expected attribute: `signal`
